<?xml version="1.0" encoding="UTF-8"?>
<!-- Generated by org.testng.reporters.JUnitXMLReporter -->
<testsuite hostname="DESKTOP-BP7NV3R" ignored="2" name="Test1" tests="2" failures="0" timestamp="2021-12-27T22:41:13 IST" time="66.269" errors="0">
  <testcase name="CreateContactWithIndusrtyOrgnisation" time="20.156" classname="com.crm.contact.CreateContactWithIndtustryOrgannisation"/>
  <testcase name="creatContactWotOrgIndType" time="19.023" classname="com.crm.contactTest.CreateContactWithDEatiledOrganisatio"/>
  <testcase name="@BeforeSuite dbConnection" time="0.0" classname="com.crm.autodesk.genricutility.BaseClass">
    <ignored/>
  </testcase> <!-- @BeforeSuite dbConnection -->
  <testcase name="@AfterSuite dbCloseConnection" time="0.0" classname="com.crm.autodesk.genricutility.BaseClass">
    <ignored/>
  </testcase> <!-- @AfterSuite dbCloseConnection -->
</testsuite> <!-- Test1 -->
