<?xml version="1.0" encoding="UTF-8"?>
<!-- Generated by org.testng.reporters.JUnitXMLReporter -->
<testsuite hostname="DESKTOP-BP7NV3R" ignored="2" name="TestRunner_firefox" tests="2" failures="0" timestamp="2021-12-27T23:29:04 IST" time="99.853" errors="0">
  <testcase name="createOrg" time="10.207" classname="com.crm.organasation.GetDataFromPropertiesFile"/>
  <testcase name="creatContactWotOrgIndType" time="17.982" classname="com.crm.contactTest.CreateContactWithDEatiledOrganisatio"/>
  <testcase name="@BeforeSuite dbConnection" time="0.0" classname="com.crm.autodesk.genricutility.BaseClass">
    <ignored/>
  </testcase> <!-- @BeforeSuite dbConnection -->
  <testcase name="@AfterSuite dbCloseConnection" time="0.0" classname="com.crm.autodesk.genricutility.BaseClass">
    <ignored/>
  </testcase> <!-- @AfterSuite dbCloseConnection -->
</testsuite> <!-- TestRunner_firefox -->
