<?xml version="1.0" encoding="UTF-8"?>
<!-- Generated by org.testng.reporters.JUnitXMLReporter -->
<testsuite hostname="DESKTOP-BP7NV3R" ignored="2" name="Test2" tests="2" failures="0" timestamp="2021-12-27T22:41:03 IST" time="56.067" errors="0">
  <testcase name="CreateContact" time="11.04" classname="com.crm.contact.CraeteContact"/>
  <testcase name="createContactWithOrganisation" time="18.775" classname="com.crm.contact.CreatContactWithOrganisation"/>
  <testcase name="@BeforeSuite dbConnection" time="0.0" classname="com.crm.autodesk.genricutility.BaseClass">
    <ignored/>
  </testcase> <!-- @BeforeSuite dbConnection -->
  <testcase name="@AfterSuite dbCloseConnection" time="0.0" classname="com.crm.autodesk.genricutility.BaseClass">
    <ignored/>
  </testcase> <!-- @AfterSuite dbCloseConnection -->
</testsuite> <!-- Test2 -->
